CRITICAL - 2024-04-02 16:57:44 --> ErrorException: Attempt to read property "id" on array
in APPPATH\Controllers\Home.php on line 88.
 1 APPPATH\Controllers\Home.php(88): CodeIgniter\Debug\Exceptions->errorHandler(2, 'Attempt to read property "id" on array', 'E:\\codeigniter4-framework-v4.4.6-0-g7d393f8\\codeigniter4-framework-7d393f8\\app\\Controllers\\Home.php', 88)
 2 SYSTEMPATH\CodeIgniter.php(941): App\Controllers\Home->loginform()
 3 SYSTEMPATH\CodeIgniter.php(502): CodeIgniter\CodeIgniter->runController(Object(App\Controllers\Home))
 4 SYSTEMPATH\CodeIgniter.php(361): CodeIgniter\CodeIgniter->handleRequest(null, Object(Config\Cache), false)
 5 FCPATH\index.php(79): CodeIgniter\CodeIgniter->run()
 6 SYSTEMPATH\Commands\Server\rewrite.php(47): require_once('E:\\codeigniter4-framework-v4.4.6-0-g7d393f8\\codeigniter4-framework-7d393f8\\public\\index.php')
CRITICAL - 2024-04-02 16:58:11 --> Error: Call to undefined method CodeIgniter\Session\Session::set_userdata()
in APPPATH\Controllers\Home.php on line 89.
 1 SYSTEMPATH\CodeIgniter.php(941): App\Controllers\Home->loginform()
 2 SYSTEMPATH\CodeIgniter.php(502): CodeIgniter\CodeIgniter->runController(Object(App\Controllers\Home))
 3 SYSTEMPATH\CodeIgniter.php(361): CodeIgniter\CodeIgniter->handleRequest(null, Object(Config\Cache), false)
 4 FCPATH\index.php(79): CodeIgniter\CodeIgniter->run()
 5 SYSTEMPATH\Commands\Server\rewrite.php(47): require_once('E:\\codeigniter4-framework-v4.4.6-0-g7d393f8\\codeigniter4-framework-7d393f8\\public\\index.php')
CRITICAL - 2024-04-02 16:58:54 --> TypeError: App\Controllers\Home::dashboard(): Return value must be of type string, none returned
in APPPATH\Controllers\Home.php on line 28.
 1 SYSTEMPATH\CodeIgniter.php(941): App\Controllers\Home->dashboard()
 2 SYSTEMPATH\CodeIgniter.php(502): CodeIgniter\CodeIgniter->runController(Object(App\Controllers\Home))
 3 SYSTEMPATH\CodeIgniter.php(361): CodeIgniter\CodeIgniter->handleRequest(null, Object(Config\Cache), false)
 4 FCPATH\index.php(79): CodeIgniter\CodeIgniter->run()
 5 SYSTEMPATH\Commands\Server\rewrite.php(47): require_once('E:\\codeigniter4-framework-v4.4.6-0-g7d393f8\\codeigniter4-framework-7d393f8\\public\\index.php')
CRITICAL - 2024-04-02 17:05:07 --> CodeIgniter\View\Exceptions\ViewException: Invalid file: "forgot-password.php"
in SYSTEMPATH\Exceptions\FrameworkException.php on line 39.
 1 SYSTEMPATH\View\View.php(216): CodeIgniter\Exceptions\FrameworkException::forInvalidFile('forgot-password.php')
 2 SYSTEMPATH\Common.php(1178): CodeIgniter\View\View->render('forgot-password', [], true)
 3 APPPATH\Controllers\Home.php(41): view('forgot-password')
 4 SYSTEMPATH\CodeIgniter.php(941): App\Controllers\Home->resetPassword()
 5 SYSTEMPATH\CodeIgniter.php(502): CodeIgniter\CodeIgniter->runController(Object(App\Controllers\Home))
 6 SYSTEMPATH\CodeIgniter.php(361): CodeIgniter\CodeIgniter->handleRequest(null, Object(Config\Cache), false)
 7 FCPATH\index.php(79): CodeIgniter\CodeIgniter->run()
 8 SYSTEMPATH\Commands\Server\rewrite.php(47): require_once('E:\\codeigniter4-framework-v4.4.6-0-g7d393f8\\codeigniter4-framework-7d393f8\\public\\index.php')
