CRITICAL - 2024-03-29 09:30:01 --> CodeIgniter\Database\Exceptions\DataException: Allowed fields must be specified for model: "App\Models\User"
in SYSTEMPATH\Model.php on line 766.
 1 SYSTEMPATH\Model.php(766): CodeIgniter\Database\Exceptions\DataException::forInvalidAllowedFields('App\\Models\\User')
 2 SYSTEMPATH\BaseModel.php(783): CodeIgniter\Model->doProtectFieldsForInsert([...])
 3 SYSTEMPATH\Model.php(744): CodeIgniter\BaseModel->insert([...], true)
 4 APPPATH\Controllers\Home.php(40): CodeIgniter\Model->insert([...])
 5 SYSTEMPATH\CodeIgniter.php(941): App\Controllers\Home->register()
 6 SYSTEMPATH\CodeIgniter.php(502): CodeIgniter\CodeIgniter->runController(Object(App\Controllers\Home))
 7 SYSTEMPATH\CodeIgniter.php(361): CodeIgniter\CodeIgniter->handleRequest(null, Object(Config\Cache), false)
 8 FCPATH\index.php(79): CodeIgniter\CodeIgniter->run()
 9 SYSTEMPATH\Commands\Server\rewrite.php(47): require_once('E:\\codeigniter4-framework-v4.4.6-0-g7d393f8\\codeigniter4-framework-7d393f8\\public\\index.php')
CRITICAL - 2024-03-29 09:30:18 --> CodeIgniter\Database\Exceptions\DataException: Allowed fields must be specified for model: "App\Models\User"
in SYSTEMPATH\Model.php on line 766.
 1 SYSTEMPATH\Model.php(766): CodeIgniter\Database\Exceptions\DataException::forInvalidAllowedFields('App\\Models\\User')
 2 SYSTEMPATH\BaseModel.php(783): CodeIgniter\Model->doProtectFieldsForInsert([...])
 3 SYSTEMPATH\Model.php(744): CodeIgniter\BaseModel->insert([...], true)
 4 APPPATH\Controllers\Home.php(40): CodeIgniter\Model->insert([...])
 5 SYSTEMPATH\CodeIgniter.php(941): App\Controllers\Home->register()
 6 SYSTEMPATH\CodeIgniter.php(502): CodeIgniter\CodeIgniter->runController(Object(App\Controllers\Home))
 7 SYSTEMPATH\CodeIgniter.php(361): CodeIgniter\CodeIgniter->handleRequest(null, Object(Config\Cache), false)
 8 FCPATH\index.php(79): CodeIgniter\CodeIgniter->run()
 9 SYSTEMPATH\Commands\Server\rewrite.php(47): require_once('E:\\codeigniter4-framework-v4.4.6-0-g7d393f8\\codeigniter4-framework-7d393f8\\public\\index.php')
CRITICAL - 2024-03-29 10:00:18 --> ErrorException: Cannot redeclare App\Controllers\Home::dashboard()
in APPPATH\Controllers\Home.php on line 104.
 1 [internal function]: CodeIgniter\Debug\Exceptions->shutdownHandler()
CRITICAL - 2024-03-29 10:00:22 --> ErrorException: Cannot redeclare App\Controllers\Home::dashboard()
in APPPATH\Controllers\Home.php on line 104.
 1 [internal function]: CodeIgniter\Debug\Exceptions->shutdownHandler()
CRITICAL - 2024-03-29 10:00:30 --> ErrorException: Cannot redeclare App\Controllers\Home::dashboard()
in APPPATH\Controllers\Home.php on line 104.
 1 [internal function]: CodeIgniter\Debug\Exceptions->shutdownHandler()
CRITICAL - 2024-03-29 10:07:50 --> ArgumentCountError: password_hash() expects at least 2 arguments, 1 given
in APPPATH\Controllers\Home.php on line 35.
 1 APPPATH\Controllers\Home.php(35): password_hash('3113213213213')
 2 SYSTEMPATH\CodeIgniter.php(941): App\Controllers\Home->register()
 3 SYSTEMPATH\CodeIgniter.php(502): CodeIgniter\CodeIgniter->runController(Object(App\Controllers\Home))
 4 SYSTEMPATH\CodeIgniter.php(361): CodeIgniter\CodeIgniter->handleRequest(null, Object(Config\Cache), false)
 5 FCPATH\index.php(79): CodeIgniter\CodeIgniter->run()
 6 SYSTEMPATH\Commands\Server\rewrite.php(47): require_once('E:\\codeigniter4-framework-v4.4.6-0-g7d393f8\\codeigniter4-framework-7d393f8\\public\\index.php')
